2025-08-21 09:59:54,147-DEBUG-root-26328::logging_config::logger|188:: Log file created: 'Log\AGLMSCGPE09EKBH\TIR__20250821095954142.log'
2025-08-21 09:59:54,147-INFO-root-26328::base::Start|1175:: TIR Version: 1.20.30
2025-08-21 09:59:54,148-INFO-root-26328::base::Start|1176:: Starting the browser
2025-08-21 10:00:05,079-INFO-root-26328::base::get_url|1274:: Page is ready!
2025-08-21 10:00:05,085-INFO-root-26328::base::Start|1242:: Browser maximized to 1936x1048
2025-08-21 10:00:05,086-INFO-root-26328::base::Start|1244:: Screen size is different from default used in headless mode
2025-08-21 10:00:05,120-INFO-root-26328::webapp_internal::Setup|240:: ***System Info*** in Setup():
2025-08-21 10:00:05,121-DEBUG-root-26328::psutil_info::system_info|5:: CPU USAGE: 58.3%
2025-08-21 10:00:05,121-DEBUG-root-26328::psutil_info::system_info|6:: MEMORY USAGE: 88.5%
2025-08-21 10:00:05,122-DEBUG-root-26328::psutil_info::system_info|7:: MEMORY AVAILABLE: 11.53%
2025-08-21 10:00:05,129-INFO-root-26328::base::webapp_shadowroot|1374:: Webapp: 10.1.2-RC12
2025-08-21 10:00:05,130-INFO-root-26328::webapp_internal::filling_initial_program|437:: Filling Initial Program: "SIGACOM"
2025-08-21 10:00:05,130-DEBUG-root-26328::webapp_internal::wait_element|7652:: Waiting for element
2025-08-21 10:00:05,172-DEBUG-root-26328::webapp_internal::wait_element|7682:: Element found! Waiting for element to be displayed.
2025-08-21 10:00:05,377-DEBUG-root-26328::base::click|189:: Click Type: ClickType.JS
2025-08-21 10:00:05,384-DEBUG-root-26328::webapp_internal::try_send_keys|8005:: Trying to send keys to element using technique 0
2025-08-21 10:00:05,800-DEBUG-root-26328::webapp_internal::get_web_value|3193:: Current value: SIGACOM
2025-08-21 10:00:05,801-INFO-root-26328::webapp_internal::filling_server_environment|451:: Filling Server Environment: "CG7XJ1_HMG"
2025-08-21 10:00:05,801-DEBUG-root-26328::webapp_internal::wait_element|7652:: Waiting for element
2025-08-21 10:00:05,854-DEBUG-root-26328::webapp_internal::wait_element|7682:: Element found! Waiting for element to be displayed.
2025-08-21 10:00:06,039-DEBUG-root-26328::base::click|189:: Click Type: ClickType.JS
2025-08-21 10:00:06,048-DEBUG-root-26328::webapp_internal::try_send_keys|8005:: Trying to send keys to element using technique 0
2025-08-21 10:00:06,418-DEBUG-root-26328::webapp_internal::get_web_value|3193:: Current value: CG7XJ1_HMG
2025-08-21 10:00:06,455-DEBUG-root-26328::base::click|189:: Click Type: ClickType.JS
2025-08-21 10:00:06,470-DEBUG-root-26328::webapp_internal::user_screen|507:: Filling user screen
2025-08-21 10:00:14,119-DEBUG-root-26328::webapp_internal::wait_element_timeout|7755:: Element found! Waiting for element to be displayed.
2025-08-21 10:00:14,179-DEBUG-root-26328::base::scroll_to_element|750:: ********Warining scroll_to_element exception: Message: TypeError: can't access property "scrollIntoView", arguments[0] is null
*********
2025-08-21 10:00:14,719-INFO-root-26328::webapp_internal::user_screen|549:: Filling User
2025-08-21 10:00:14,756-DEBUG-root-26328::base::double_click|256:: Click Type: ClickType.SELENIUM
2025-08-21 10:00:14,976-DEBUG-root-26328::webapp_internal::get_web_value|3193:: Current value: BRUNO.ROCHA
2025-08-21 10:00:15,029-INFO-root-26328::webapp_internal::user_screen|609:: Filling Password
2025-08-21 10:00:15,056-DEBUG-root-26328::base::click|189:: Click Type: ClickType.JS
2025-08-21 10:00:15,148-DEBUG-root-26328::webapp_internal::get_web_value|3193:: Current value: 123
2025-08-21 10:00:15,148-DEBUG-root-26328::webapp_internal::wait_blocker|2399:: Waiting blocker to continue...
2025-08-21 10:00:15,199-DEBUG-root-26328::webapp_internal::wait_blocker|2424:: Blocker status: None
2025-08-21 10:00:15,291-DEBUG-root-26328::webapp_internal::wait_blocker|2399:: Waiting blocker to continue...
2025-08-21 10:00:15,341-DEBUG-root-26328::webapp_internal::wait_blocker|2424:: Blocker status: None
2025-08-21 10:00:15,341-DEBUG-root-26328::webapp_internal::send_action|10482:: Trying to send action
2025-08-21 10:00:15,353-DEBUG-root-26328::base::click|189:: Click Type: ClickType.JS
2025-08-21 10:00:16,434-DEBUG-root-26328::webapp_internal::send_action|10523:: send_action method result = True
2025-08-21 10:00:16,434-DEBUG-root-26328::webapp_internal::send_action|10524:: send_action selenium status: False
2025-08-21 10:00:18,206-DEBUG-root-26328::base::scroll_to_element|750:: ********Warining scroll_to_element exception: Message: TypeError: can't access property "scrollIntoView", arguments[0] is null
*********
2025-08-21 10:00:18,282-INFO-root-26328::webapp_internal::filling_date|867:: Filling Date: "21/08/2025"
2025-08-21 10:00:18,282-DEBUG-root-26328::webapp_internal::wait_blocker|2399:: Waiting blocker to continue...
2025-08-21 10:00:18,365-DEBUG-root-26328::webapp_internal::wait_blocker|2424:: Blocker status: None
2025-08-21 10:00:18,370-DEBUG-root-26328::base::click|189:: Click Type: ClickType.JS
2025-08-21 10:00:18,405-DEBUG-root-26328::webapp_internal::try_send_keys|8005:: Trying to send keys to element using technique 1
2025-08-21 10:00:18,487-DEBUG-root-26328::webapp_internal::get_web_value|3193:: Current value: 21/08/2025
2025-08-21 10:00:19,599-INFO-root-26328::webapp_internal::filling_group|920:: Filling Group: "01"
2025-08-21 10:00:19,599-DEBUG-root-26328::webapp_internal::wait_blocker|2399:: Waiting blocker to continue...
2025-08-21 10:00:19,682-DEBUG-root-26328::webapp_internal::wait_blocker|2424:: Blocker status: None
2025-08-21 10:00:19,686-DEBUG-root-26328::base::click|189:: Click Type: ClickType.JS
2025-08-21 10:00:19,849-DEBUG-root-26328::webapp_internal::get_web_value|3193:: Current value: 01
2025-08-21 10:00:20,943-INFO-root-26328::webapp_internal::filling_branch|1011:: Filling Branch: "01011001"
2025-08-21 10:00:20,943-DEBUG-root-26328::webapp_internal::wait_blocker|2399:: Waiting blocker to continue...
2025-08-21 10:00:21,022-DEBUG-root-26328::webapp_internal::wait_blocker|2424:: Blocker status: None
2025-08-21 10:00:21,024-DEBUG-root-26328::base::click|189:: Click Type: ClickType.JS
2025-08-21 10:00:21,111-DEBUG-root-26328::webapp_internal::get_web_value|3193:: Current value: 01011001
2025-08-21 10:00:22,415-INFO-root-26328::webapp_internal::environment_screen|784:: Clicking on Button
2025-08-21 10:00:22,415-DEBUG-root-26328::webapp_internal::wait_blocker|2399:: Waiting blocker to continue...
2025-08-21 10:00:22,488-DEBUG-root-26328::webapp_internal::wait_blocker|2424:: Blocker status: None
2025-08-21 10:00:22,490-DEBUG-root-26328::base::click|189:: Click Type: ClickType.JS
2025-08-21 10:00:23,505-DEBUG-root-26328::base::click|189:: Click Type: ClickType.JS
2025-08-21 10:00:24,515-DEBUG-root-26328::base::click|189:: Click Type: ClickType.JS
2025-08-21 10:00:25,531-DEBUG-root-26328::base::click|189:: Click Type: ClickType.JS
2025-08-21 10:00:26,556-DEBUG-root-26328::base::click|189:: Click Type: ClickType.JS
2025-08-21 10:00:27,581-DEBUG-root-26328::base::click|189:: Click Type: ClickType.JS
2025-08-21 10:00:28,594-DEBUG-root-26328::webapp_internal::close_screen_before_menu|370:: Closing screen before the menu
2025-08-21 10:00:28,663-DEBUG-root-26328::webapp_internal::close_warning_screen|1449:: Closing warning screen!
2025-08-21 10:00:29,721-DEBUG-root-26328::webapp_internal::check_screen_element|1255:: Checking screen element: "Atenção": True
2025-08-21 10:00:29,890-DEBUG-root-26328::webapp_internal::wait_element_timeout|7755:: Element found! Waiting for element to be displayed.
2025-08-21 10:00:29,982-DEBUG-root-26328::webapp_internal::wait_blocker|2399:: Waiting blocker to continue...
2025-08-21 10:00:30,082-DEBUG-root-26328::webapp_internal::wait_blocker|2424:: Blocker status: False
2025-08-21 10:00:30,082-DEBUG-root-26328::webapp_internal::send_action|10482:: Trying to send action
2025-08-21 10:00:30,102-DEBUG-root-26328::base::click|189:: Click Type: ClickType.JS
2025-08-21 10:00:31,146-DEBUG-root-26328::webapp_internal::send_action|10523:: send_action method result = True
2025-08-21 10:00:31,146-DEBUG-root-26328::webapp_internal::send_action|10524:: send_action selenium status: False
2025-08-21 10:00:31,146-DEBUG-root-26328::webapp_internal::close_coin_screen|1385:: Closing coin screen!
2025-08-21 10:00:31,265-DEBUG-root-26328::webapp_internal::close_warning_screen|1449:: Closing warning screen!
2025-08-21 10:00:32,328-DEBUG-root-26328::webapp_internal::check_screen_element|1255:: Checking screen element: "Atenção": False
2025-08-21 10:00:32,328-DEBUG-root-26328::webapp_internal::close_coin_screen|1385:: Closing coin screen!
2025-08-21 10:00:32,917-DEBUG-root-26328::base::click|189:: Click Type: ClickType.JS
2025-08-21 10:00:32,997-DEBUG-root-26328::webapp_internal::close_warning_screen|1449:: Closing warning screen!
2025-08-21 10:00:34,038-DEBUG-root-26328::webapp_internal::check_screen_element|1255:: Checking screen element: "Atenção": False
2025-08-21 10:00:34,038-DEBUG-root-26328::webapp_internal::close_coin_screen|1385:: Closing coin screen!
2025-08-21 10:00:34,215-DEBUG-root-26328::webapp_internal::close_warning_screen|1449:: Closing warning screen!
2025-08-21 10:00:35,289-DEBUG-root-26328::webapp_internal::check_screen_element|1255:: Checking screen element: "Atenção": False
2025-08-21 10:00:35,289-DEBUG-root-26328::webapp_internal::close_coin_screen|1385:: Closing coin screen!
2025-08-21 10:00:35,496-INFO-root-26328::webapp_internal::set_log_info|1582:: Getting log info
2025-08-21 10:00:35,496-INFO-root-26328::webapp_internal::SetLateralMenu|4144:: Navigating lateral menu: Ajuda > Sobre
2025-08-21 10:00:35,535-DEBUG-root-26328::webapp_internal::wait_element|7652:: Waiting for element
2025-08-21 10:00:35,612-DEBUG-root-26328::webapp_internal::wait_element|7682:: Element found! Waiting for element to be displayed.
2025-08-21 10:00:35,847-INFO-root-26328::webapp_internal::SetLateralMenu|4163:: Menu item: "Ajuda"
2025-08-21 10:00:35,847-DEBUG-root-26328::webapp_internal::wait_blocker|2399:: Waiting blocker to continue...
2025-08-21 10:00:35,946-DEBUG-root-26328::webapp_internal::wait_blocker|2424:: Blocker status: False
2025-08-21 10:00:36,536-DEBUG-root-26328::webapp_internal::wait_element_timeout|7755:: Element found! Waiting for element to be displayed.
2025-08-21 10:00:37,116-DEBUG-root-26328::webapp_internal::wait_blocker|2399:: Waiting blocker to continue...
2025-08-21 10:00:37,220-DEBUG-root-26328::webapp_internal::wait_blocker|2424:: Blocker status: False
2025-08-21 10:00:39,519-INFO-root-26328::webapp_internal::SetLateralMenu|4163:: Menu item: "Sobre"
2025-08-21 10:00:39,519-DEBUG-root-26328::webapp_internal::wait_blocker|2399:: Waiting blocker to continue...
2025-08-21 10:00:39,629-DEBUG-root-26328::webapp_internal::wait_blocker|2424:: Blocker status: False
2025-08-21 10:00:40,306-DEBUG-root-26328::webapp_internal::wait_element_timeout|7755:: Element found! Waiting for element to be displayed.
2025-08-21 10:00:40,967-DEBUG-root-26328::webapp_internal::wait_blocker|2399:: Waiting blocker to continue...
2025-08-21 10:00:41,073-DEBUG-root-26328::webapp_internal::wait_blocker|2424:: Blocker status: False
2025-08-21 10:00:44,026-DEBUG-root-26328::webapp_internal::wait_blocker|2399:: Waiting blocker to continue...
2025-08-21 10:00:44,137-DEBUG-root-26328::webapp_internal::wait_blocker|2424:: Blocker status: False
2025-08-21 10:00:44,232-DEBUG-root-26328::webapp_internal::wait_element|7652:: Waiting for element
2025-08-21 10:00:44,304-DEBUG-root-26328::webapp_internal::wait_element|7682:: Element found! Waiting for element to be displayed.
2025-08-21 10:00:44,539-INFO-root-26328::webapp_internal::SetButton|4404:: Clicking on Fechar
2025-08-21 10:00:44,539-DEBUG-root-26328::webapp_internal::wait_blocker|2399:: Waiting blocker to continue...
2025-08-21 10:00:44,654-DEBUG-root-26328::webapp_internal::wait_blocker|2424:: Blocker status: False
2025-08-21 10:00:44,884-DEBUG-root-26328::webapp_internal::wait_element_timeout|7755:: Element found! Waiting for element to be displayed.
2025-08-21 10:00:45,000-DEBUG-root-26328::webapp_internal::SetButton|4441:: ***System Info*** Before Clicking on button:Fechar
2025-08-21 10:00:45,000-DEBUG-root-26328::psutil_info::system_info|5:: CPU USAGE: 43.1%
2025-08-21 10:00:45,002-DEBUG-root-26328::psutil_info::system_info|6:: MEMORY USAGE: 88.2%
2025-08-21 10:00:45,002-DEBUG-root-26328::psutil_info::system_info|7:: MEMORY AVAILABLE: 11.83%
2025-08-21 10:00:45,249-DEBUG-root-26328::webapp_internal::wait_element_timeout|7755:: Element found! Waiting for element to be displayed.
2025-08-21 10:00:45,441-DEBUG-root-26328::webapp_internal::wait_blocker|2399:: Waiting blocker to continue...
2025-08-21 10:00:45,578-DEBUG-root-26328::webapp_internal::wait_blocker|2424:: Blocker status: False
2025-08-21 10:00:45,578-DEBUG-root-26328::webapp_internal::send_action|10482:: Trying to send action
2025-08-21 10:00:45,584-DEBUG-root-26328::base::click|189:: Click Type: ClickType.JS
2025-08-21 10:00:46,627-DEBUG-root-26328::webapp_internal::send_action|10523:: send_action method result = True
2025-08-21 10:00:46,627-DEBUG-root-26328::webapp_internal::send_action|10524:: send_action selenium status: False
2025-08-21 10:00:46,627-DEBUG-root-26328::webapp_internal::SetButton|4643:: ***System Info*** After Clicking on button:
2025-08-21 10:00:46,627-DEBUG-root-26328::psutil_info::system_info|5:: CPU USAGE: 41.3%
2025-08-21 10:00:46,627-DEBUG-root-26328::psutil_info::system_info|6:: MEMORY USAGE: 88.3%
2025-08-21 10:00:46,627-DEBUG-root-26328::psutil_info::system_info|7:: MEMORY AVAILABLE: 11.71%
2025-08-21 10:00:46,627-DEBUG-root-26328::webapp_internal::wait_element|7652:: Waiting for element
2025-08-21 10:00:46,748-INFO-root-26328::webapp_internal::set_program|1750:: Setting program: MATA010
2025-08-21 10:00:46,780-DEBUG-root-26328::webapp_internal::wait_element|7652:: Waiting for element
2025-08-21 10:00:46,821-DEBUG-root-26328::webapp_internal::wait_element|7682:: Element found! Waiting for element to be displayed.
2025-08-21 10:00:47,053-DEBUG-root-26328::base::double_click|256:: Click Type: ClickType.SELENIUM
2025-08-21 10:00:47,595-DEBUG-root-26328::webapp_internal::get_web_value|3193:: Current value: MATA010
2025-08-21 10:00:47,667-DEBUG-root-26328::webapp_internal::wait_blocker|2399:: Waiting blocker to continue...
2025-08-21 10:00:47,776-DEBUG-root-26328::webapp_internal::wait_blocker|2424:: Blocker status: False
2025-08-21 10:00:47,776-DEBUG-root-26328::webapp_internal::send_action|10482:: Trying to send action
2025-08-21 10:00:47,787-DEBUG-root-26328::base::click|189:: Click Type: ClickType.JS
2025-08-21 10:00:48,836-DEBUG-root-26328::webapp_internal::send_action|10523:: send_action method result = True
2025-08-21 10:00:48,836-DEBUG-root-26328::webapp_internal::send_action|10524:: send_action selenium status: False
2025-08-21 10:00:48,836-DEBUG-root-26328::webapp_internal::wait_element_is_not_displayed|7586:: Waiting for element to disappear
2025-08-21 10:00:48,853-DEBUG-root-26328::webapp_internal::close_news_screen|1509:: Closing news screen!
2025-08-21 10:00:48,872-INFO-root-26328::webapp_internal::SetButton|4404:: Clicking on Incluir
2025-08-21 10:00:48,872-DEBUG-root-26328::webapp_internal::wait_blocker|2399:: Waiting blocker to continue...
2025-08-21 10:00:48,894-DEBUG-root-26328::webapp_internal::wait_blocker|2424:: Blocker status: None
2025-08-21 10:00:52,812-DEBUG-root-26328::webapp_internal::wait_element_timeout|7755:: Element found! Waiting for element to be displayed.
2025-08-21 10:00:53,494-DEBUG-root-26328::webapp_internal::SetButton|4441:: ***System Info*** Before Clicking on button:Incluir
2025-08-21 10:00:53,494-DEBUG-root-26328::psutil_info::system_info|5:: CPU USAGE: 41.5%
2025-08-21 10:00:53,495-DEBUG-root-26328::psutil_info::system_info|6:: MEMORY USAGE: 88.3%
2025-08-21 10:00:53,495-DEBUG-root-26328::psutil_info::system_info|7:: MEMORY AVAILABLE: 11.74%
2025-08-21 10:00:54,244-DEBUG-root-26328::webapp_internal::wait_element_timeout|7755:: Element found! Waiting for element to be displayed.
2025-08-21 10:00:55,013-DEBUG-root-26328::webapp_internal::wait_blocker|2399:: Waiting blocker to continue...
2025-08-21 10:00:55,180-DEBUG-root-26328::webapp_internal::wait_blocker|2424:: Blocker status: False
2025-08-21 10:00:55,181-DEBUG-root-26328::webapp_internal::send_action|10482:: Trying to send action
2025-08-21 10:00:55,187-DEBUG-root-26328::base::click|189:: Click Type: ClickType.JS
2025-08-21 10:00:56,262-DEBUG-root-26328::webapp_internal::send_action|10523:: send_action method result = True
2025-08-21 10:00:56,262-DEBUG-root-26328::webapp_internal::send_action|10524:: send_action selenium status: False
2025-08-21 10:00:56,262-DEBUG-root-26328::webapp_internal::SetButton|4643:: ***System Info*** After Clicking on button:
2025-08-21 10:00:56,262-DEBUG-root-26328::psutil_info::system_info|5:: CPU USAGE: 43.4%
2025-08-21 10:00:56,262-DEBUG-root-26328::psutil_info::system_info|6:: MEMORY USAGE: 88.2%
2025-08-21 10:00:56,262-DEBUG-root-26328::psutil_info::system_info|7:: MEMORY AVAILABLE: 11.84%
2025-08-21 10:00:56,262-INFO-root-26328::webapp_internal::WaitShow|4940:: Waiting show text 'Atualizacao de Produtos - Incluir'...
2025-08-21 10:01:11,250-INFO-root-26328::webapp_internal::WaitShow|4956:: Text found! 
2025-08-21 10:01:11,250-DEBUG-root-26328::webapp_internal::SetFocus|5973:: Setting focus on element B1_DESC.
2025-08-21 10:01:12,306-DEBUG-root-26328::base::click|189:: Click Type: ClickType.SELENIUM
2025-08-21 10:01:12,400-DEBUG-root-26328::webapp_internal::wait_blocker|2399:: Waiting blocker to continue...
2025-08-21 10:01:12,673-DEBUG-root-26328::webapp_internal::wait_blocker|2424:: Blocker status: None
2025-08-21 10:01:12,673-INFO-root-26328::webapp_internal::SetKey|5784:: Key pressed: CTRL
2025-08-21 10:01:12,673-WARNING-root-26328::webapp_internal::log_error|8172:: Warning log_error Additional key is empty
2025-08-21 10:01:12,673-DEBUG-root-26328::webapp_internal::log_error|8175:: ***System Info*** in log_error():
2025-08-21 10:01:12,689-DEBUG-root-26328::psutil_info::system_info|5:: CPU USAGE: 34.0%
2025-08-21 10:01:12,689-DEBUG-root-26328::psutil_info::system_info|6:: MEMORY USAGE: 89.6%
2025-08-21 10:01:12,689-DEBUG-root-26328::psutil_info::system_info|7:: MEMORY AVAILABLE: 10.44%
2025-08-21 10:01:12,704-DEBUG-root-26328::log::take_screenshot_log|498:: take_screenshot_log in:2025-08-21 10:01:12.704183

2025-08-21 10:01:12,858-DEBUG-root-26328::log::take_screenshot_log|513:: Screenshot file created successfully: Log\AGLMSCGPE09EKBH\BrunoAriasRocha_20250821100112704_001 -_test_TESTE2MATA010_001.png
2025-08-21 10:01:13,865-DEBUG-root-26328::log::checks_empty_line|221:: Checking empty default log info
2025-08-21 10:01:13,865-DEBUG-root-26328::log::save_file|140:: CSV Line: ['21/08/2025 10:01:13', 'BrunoAriasRocha', 'AGLMSCGPE09EKBH', 'TESTE2MATA010', '19800101', 1, 0, 1, 78.61, '12', '12.1.2410', '001 - Additional key is empty', 'MSSQL', '', '20250821', 'BRA', 'TIR']
2025-08-21 10:01:13,865-DEBUG-root-26328::log::save_file|143:: Log file created successfully: Log\AGLMSCGPE09EKBH\BrunoAriasRocha_8aeeec2b833d4ed88dde995cfea05dde_auto.csv
2025-08-21 10:01:13,882-INFO-root-26328::webapp_internal::restart_browser|10955:: Closing the Browser
2025-08-21 10:01:15,448-INFO-root-26328::webapp_internal::restart_browser|10958:: Starting the Browser
2025-08-21 10:01:15,449-INFO-root-26328::base::Start|1175:: TIR Version: 1.20.30
2025-08-21 10:01:15,449-INFO-root-26328::base::Start|1176:: Starting the browser
2025-08-21 10:01:29,329-INFO-root-26328::base::get_url|1274:: Page is ready!
2025-08-21 10:01:29,336-INFO-root-26328::base::Start|1242:: Browser maximized to 1936x1048
2025-08-21 10:01:29,336-INFO-root-26328::base::Start|1244:: Screen size is different from default used in headless mode
2025-08-21 10:01:29,365-DEBUG-root-26328::webapp_internal::restart_browser|10963:: Get url with line parameters: https://lineagroprodutos143570.protheus.cloudtotvs.com.br:2203/webapp//?StartProg=SIGACOM&Env=CG7XJ1_HMG
2025-08-21 10:01:43,713-INFO-root-26328::base::get_url|1274:: Page is ready!
2025-08-21 10:01:53,717-DEBUG-root-26328::webapp_internal::restart_browser|10970:: Get url https://lineagroprodutos143570.protheus.cloudtotvs.com.br:2203/webapp/
2025-08-21 10:01:56,433-INFO-root-26328::base::get_url|1274:: Page is ready!
2025-08-21 10:01:56,438-INFO-root-26328::webapp_internal::filling_initial_program|437:: Filling Initial Program: "SIGACOM"
2025-08-21 10:01:56,439-DEBUG-root-26328::webapp_internal::wait_element|7652:: Waiting for element
2025-08-21 10:01:56,491-DEBUG-root-26328::webapp_internal::wait_element|7682:: Element found! Waiting for element to be displayed.
2025-08-21 10:01:56,679-DEBUG-root-26328::base::click|189:: Click Type: ClickType.JS
2025-08-21 10:01:56,688-DEBUG-root-26328::webapp_internal::try_send_keys|8005:: Trying to send keys to element using technique 0
2025-08-21 10:01:57,089-DEBUG-root-26328::webapp_internal::get_web_value|3193:: Current value: SIGACOM
2025-08-21 10:01:57,090-INFO-root-26328::webapp_internal::filling_server_environment|451:: Filling Server Environment: "CG7XJ1_HMG"
2025-08-21 10:01:57,090-DEBUG-root-26328::webapp_internal::wait_element|7652:: Waiting for element
2025-08-21 10:01:57,130-DEBUG-root-26328::webapp_internal::wait_element|7682:: Element found! Waiting for element to be displayed.
2025-08-21 10:01:57,330-DEBUG-root-26328::base::click|189:: Click Type: ClickType.JS
2025-08-21 10:01:57,341-DEBUG-root-26328::webapp_internal::try_send_keys|8005:: Trying to send keys to element using technique 0
2025-08-21 10:01:57,730-DEBUG-root-26328::webapp_internal::get_web_value|3193:: Current value: CG7XJ1_HMG
2025-08-21 10:01:57,768-DEBUG-root-26328::base::click|189:: Click Type: ClickType.JS
2025-08-21 10:02:05,946-DEBUG-root-26328::webapp_internal::user_screen|507:: Filling user screen
2025-08-21 10:02:06,159-DEBUG-root-26328::webapp_internal::wait_element_timeout|7755:: Element found! Waiting for element to be displayed.
2025-08-21 10:02:06,216-DEBUG-root-26328::base::scroll_to_element|750:: ********Warining scroll_to_element exception: Message: TypeError: can't access property "scrollIntoView", arguments[0] is null
*********
2025-08-21 10:02:06,481-INFO-root-26328::webapp_internal::user_screen|549:: Filling User
2025-08-21 10:02:06,534-DEBUG-root-26328::base::double_click|256:: Click Type: ClickType.SELENIUM
2025-08-21 10:02:06,812-DEBUG-root-26328::webapp_internal::get_web_value|3193:: Current value: BRUNO.ROCHA
2025-08-21 10:02:06,868-INFO-root-26328::webapp_internal::user_screen|609:: Filling Password
2025-08-21 10:02:06,905-DEBUG-root-26328::base::click|189:: Click Type: ClickType.JS
2025-08-21 10:02:06,988-DEBUG-root-26328::webapp_internal::get_web_value|3193:: Current value: 123
2025-08-21 10:02:06,988-DEBUG-root-26328::webapp_internal::wait_blocker|2399:: Waiting blocker to continue...
2025-08-21 10:02:07,035-DEBUG-root-26328::webapp_internal::wait_blocker|2424:: Blocker status: None
2025-08-21 10:02:07,137-DEBUG-root-26328::webapp_internal::wait_blocker|2399:: Waiting blocker to continue...
2025-08-21 10:02:07,194-DEBUG-root-26328::webapp_internal::wait_blocker|2424:: Blocker status: None
2025-08-21 10:02:07,194-DEBUG-root-26328::webapp_internal::send_action|10482:: Trying to send action
2025-08-21 10:02:07,207-DEBUG-root-26328::base::click|189:: Click Type: ClickType.JS
2025-08-21 10:02:08,307-DEBUG-root-26328::webapp_internal::send_action|10523:: send_action method result = True
2025-08-21 10:02:08,307-DEBUG-root-26328::webapp_internal::send_action|10524:: send_action selenium status: False
2025-08-21 10:02:09,923-DEBUG-root-26328::base::scroll_to_element|750:: ********Warining scroll_to_element exception: Message: TypeError: can't access property "scrollIntoView", arguments[0] is null
*********
2025-08-21 10:02:10,011-INFO-root-26328::webapp_internal::filling_date|867:: Filling Date: "21/08/2025"
2025-08-21 10:02:10,012-DEBUG-root-26328::webapp_internal::wait_blocker|2399:: Waiting blocker to continue...
2025-08-21 10:02:10,092-DEBUG-root-26328::webapp_internal::wait_blocker|2424:: Blocker status: None
2025-08-21 10:02:10,094-DEBUG-root-26328::base::click|189:: Click Type: ClickType.JS
2025-08-21 10:02:10,135-DEBUG-root-26328::webapp_internal::try_send_keys|8005:: Trying to send keys to element using technique 1
2025-08-21 10:02:10,210-DEBUG-root-26328::webapp_internal::get_web_value|3193:: Current value: 21/08/2025
2025-08-21 10:02:11,359-INFO-root-26328::webapp_internal::filling_group|920:: Filling Group: "01"
2025-08-21 10:02:11,359-DEBUG-root-26328::webapp_internal::wait_blocker|2399:: Waiting blocker to continue...
2025-08-21 10:02:11,425-DEBUG-root-26328::webapp_internal::wait_blocker|2424:: Blocker status: None
2025-08-21 10:02:11,428-DEBUG-root-26328::base::click|189:: Click Type: ClickType.JS
2025-08-21 10:02:11,877-DEBUG-root-26328::webapp_internal::get_web_value|3193:: Current value: 01
2025-08-21 10:02:13,024-INFO-root-26328::webapp_internal::filling_branch|1011:: Filling Branch: "01011001"
2025-08-21 10:02:13,025-DEBUG-root-26328::webapp_internal::wait_blocker|2399:: Waiting blocker to continue...
2025-08-21 10:02:13,111-DEBUG-root-26328::webapp_internal::wait_blocker|2424:: Blocker status: None
2025-08-21 10:02:13,117-DEBUG-root-26328::base::click|189:: Click Type: ClickType.JS
2025-08-21 10:02:13,250-DEBUG-root-26328::webapp_internal::get_web_value|3193:: Current value: 01011001
2025-08-21 10:02:14,609-INFO-root-26328::webapp_internal::environment_screen|784:: Clicking on Button
2025-08-21 10:02:14,609-DEBUG-root-26328::webapp_internal::wait_blocker|2399:: Waiting blocker to continue...
2025-08-21 10:02:14,670-DEBUG-root-26328::webapp_internal::wait_blocker|2424:: Blocker status: None
2025-08-21 10:02:14,674-DEBUG-root-26328::base::click|189:: Click Type: ClickType.JS
2025-08-21 10:02:15,693-DEBUG-root-26328::base::click|189:: Click Type: ClickType.JS
2025-08-21 10:02:16,718-DEBUG-root-26328::base::click|189:: Click Type: ClickType.JS
2025-08-21 10:02:17,734-DEBUG-root-26328::base::click|189:: Click Type: ClickType.JS
2025-08-21 10:02:18,751-DEBUG-root-26328::base::click|189:: Click Type: ClickType.JS
2025-08-21 10:02:19,773-DEBUG-root-26328::base::click|189:: Click Type: ClickType.JS
2025-08-21 10:02:20,875-DEBUG-root-26328::webapp_internal::close_warning_screen|1449:: Closing warning screen!
2025-08-21 10:02:21,960-DEBUG-root-26328::webapp_internal::check_screen_element|1255:: Checking screen element: "Atenção": True
2025-08-21 10:02:22,154-DEBUG-root-26328::webapp_internal::wait_element_timeout|7755:: Element found! Waiting for element to be displayed.
2025-08-21 10:02:22,244-DEBUG-root-26328::webapp_internal::wait_blocker|2399:: Waiting blocker to continue...
2025-08-21 10:02:22,363-DEBUG-root-26328::webapp_internal::wait_blocker|2424:: Blocker status: False
2025-08-21 10:02:22,363-DEBUG-root-26328::webapp_internal::send_action|10482:: Trying to send action
2025-08-21 10:02:22,371-DEBUG-root-26328::base::click|189:: Click Type: ClickType.JS
2025-08-21 10:02:23,412-DEBUG-root-26328::webapp_internal::send_action|10523:: send_action method result = True
2025-08-21 10:02:23,413-DEBUG-root-26328::webapp_internal::send_action|10524:: send_action selenium status: False
2025-08-21 10:02:24,026-DEBUG-root-26328::base::click|189:: Click Type: ClickType.JS
2025-08-21 10:02:24,099-DEBUG-root-26328::webapp_internal::close_warning_screen|1449:: Closing warning screen!
2025-08-21 10:02:25,154-DEBUG-root-26328::webapp_internal::check_screen_element|1255:: Checking screen element: "Atenção": False
2025-08-21 10:02:25,267-DEBUG-root-26328::webapp_internal::close_warning_screen|1449:: Closing warning screen!
2025-08-21 10:02:26,377-DEBUG-root-26328::webapp_internal::check_screen_element|1255:: Checking screen element: "Atenção": False
2025-08-21 10:02:26,570-INFO-root-26328::webapp_internal::set_log_info|1582:: Getting log info
2025-08-21 10:02:26,570-INFO-root-26328::webapp_internal::SetLateralMenu|4144:: Navigating lateral menu: Ajuda > Sobre
2025-08-21 10:02:26,589-DEBUG-root-26328::webapp_internal::wait_element|7652:: Waiting for element
2025-08-21 10:02:26,654-DEBUG-root-26328::webapp_internal::wait_element|7682:: Element found! Waiting for element to be displayed.
2025-08-21 10:02:26,950-INFO-root-26328::webapp_internal::SetLateralMenu|4163:: Menu item: "Ajuda"
2025-08-21 10:02:26,950-DEBUG-root-26328::webapp_internal::wait_blocker|2399:: Waiting blocker to continue...
2025-08-21 10:02:27,055-DEBUG-root-26328::webapp_internal::wait_blocker|2424:: Blocker status: False
2025-08-21 10:02:27,907-DEBUG-root-26328::webapp_internal::wait_element_timeout|7755:: Element found! Waiting for element to be displayed.
2025-08-21 10:02:28,831-DEBUG-root-26328::webapp_internal::wait_blocker|2399:: Waiting blocker to continue...
2025-08-21 10:02:28,966-DEBUG-root-26328::webapp_internal::wait_blocker|2424:: Blocker status: False
2025-08-21 10:02:31,295-INFO-root-26328::webapp_internal::SetLateralMenu|4163:: Menu item: "Sobre"
2025-08-21 10:02:31,296-DEBUG-root-26328::webapp_internal::wait_blocker|2399:: Waiting blocker to continue...
2025-08-21 10:02:31,433-DEBUG-root-26328::webapp_internal::wait_blocker|2424:: Blocker status: False
2025-08-21 10:02:32,492-DEBUG-root-26328::webapp_internal::wait_element_timeout|7755:: Element found! Waiting for element to be displayed.
2025-08-21 10:02:33,586-DEBUG-root-26328::webapp_internal::wait_blocker|2399:: Waiting blocker to continue...
2025-08-21 10:02:33,717-DEBUG-root-26328::webapp_internal::wait_blocker|2424:: Blocker status: False
2025-08-21 10:02:36,983-DEBUG-root-26328::webapp_internal::wait_blocker|2399:: Waiting blocker to continue...
2025-08-21 10:02:37,127-DEBUG-root-26328::webapp_internal::wait_blocker|2424:: Blocker status: False
2025-08-21 10:02:37,255-DEBUG-root-26328::webapp_internal::wait_element|7652:: Waiting for element
2025-08-21 10:02:37,327-DEBUG-root-26328::webapp_internal::wait_element|7682:: Element found! Waiting for element to be displayed.
2025-08-21 10:02:37,611-INFO-root-26328::webapp_internal::SetButton|4404:: Clicking on Fechar
2025-08-21 10:02:37,611-DEBUG-root-26328::webapp_internal::wait_blocker|2399:: Waiting blocker to continue...
2025-08-21 10:02:37,726-DEBUG-root-26328::webapp_internal::wait_blocker|2424:: Blocker status: False
2025-08-21 10:02:38,013-DEBUG-root-26328::webapp_internal::wait_element_timeout|7755:: Element found! Waiting for element to be displayed.
2025-08-21 10:02:38,183-DEBUG-root-26328::webapp_internal::SetButton|4441:: ***System Info*** Before Clicking on button:Fechar
2025-08-21 10:02:38,184-DEBUG-root-26328::psutil_info::system_info|5:: CPU USAGE: 44.8%
2025-08-21 10:02:38,185-DEBUG-root-26328::psutil_info::system_info|6:: MEMORY USAGE: 86.4%
2025-08-21 10:02:38,185-DEBUG-root-26328::psutil_info::system_info|7:: MEMORY AVAILABLE: 13.59%
2025-08-21 10:02:38,409-DEBUG-root-26328::webapp_internal::wait_element_timeout|7755:: Element found! Waiting for element to be displayed.
2025-08-21 10:02:38,689-DEBUG-root-26328::webapp_internal::wait_blocker|2399:: Waiting blocker to continue...
2025-08-21 10:02:38,829-DEBUG-root-26328::webapp_internal::wait_blocker|2424:: Blocker status: False
2025-08-21 10:02:38,829-DEBUG-root-26328::webapp_internal::send_action|10482:: Trying to send action
2025-08-21 10:02:38,834-DEBUG-root-26328::base::click|189:: Click Type: ClickType.JS
2025-08-21 10:02:39,881-DEBUG-root-26328::webapp_internal::send_action|10523:: send_action method result = True
2025-08-21 10:02:39,882-DEBUG-root-26328::webapp_internal::send_action|10524:: send_action selenium status: False
2025-08-21 10:02:39,882-DEBUG-root-26328::webapp_internal::SetButton|4643:: ***System Info*** After Clicking on button:
2025-08-21 10:02:39,883-DEBUG-root-26328::psutil_info::system_info|5:: CPU USAGE: 63.7%
2025-08-21 10:02:39,883-DEBUG-root-26328::psutil_info::system_info|6:: MEMORY USAGE: 85.7%
2025-08-21 10:02:39,884-DEBUG-root-26328::psutil_info::system_info|7:: MEMORY AVAILABLE: 14.26%
2025-08-21 10:02:39,884-DEBUG-root-26328::webapp_internal::wait_element|7652:: Waiting for element
2025-08-21 10:02:40,026-INFO-root-26328::webapp_internal::set_program|1750:: Setting program: MATA010
2025-08-21 10:02:40,050-DEBUG-root-26328::webapp_internal::wait_element|7652:: Waiting for element
2025-08-21 10:02:40,110-DEBUG-root-26328::webapp_internal::wait_element|7682:: Element found! Waiting for element to be displayed.
2025-08-21 10:02:40,341-DEBUG-root-26328::base::double_click|256:: Click Type: ClickType.SELENIUM
2025-08-21 10:02:40,922-DEBUG-root-26328::webapp_internal::get_web_value|3193:: Current value: MATA010
2025-08-21 10:02:41,007-DEBUG-root-26328::webapp_internal::wait_blocker|2399:: Waiting blocker to continue...
2025-08-21 10:02:41,139-DEBUG-root-26328::webapp_internal::wait_blocker|2424:: Blocker status: False
2025-08-21 10:02:41,139-DEBUG-root-26328::webapp_internal::send_action|10482:: Trying to send action
2025-08-21 10:02:41,207-DEBUG-root-26328::base::click|189:: Click Type: ClickType.JS
2025-08-21 10:02:42,292-DEBUG-root-26328::webapp_internal::send_action|10523:: send_action method result = True
2025-08-21 10:02:42,292-DEBUG-root-26328::webapp_internal::send_action|10524:: send_action selenium status: False
2025-08-21 10:02:42,293-DEBUG-root-26328::webapp_internal::wait_element_is_not_displayed|7586:: Waiting for element to disappear
2025-08-21 10:02:42,309-DEBUG-root-26328::webapp_internal::close_news_screen|1509:: Closing news screen!
2025-08-21 10:02:42,328-ERROR-root-26328::webapp_internal::SetKey|5863:: False is not true : 001 - Additional key is empty
Traceback (most recent call last):
  File "c:\Users\BrunoAriasRocha\OneDrive - AgroOpps\Documentos\WORKSPACE\venv379\lib\site-packages\tir\technologies\webapp_internal.py", line 5811, in SetKey
    self.log_error("Additional key is empty")
  File "c:\Users\BrunoAriasRocha\OneDrive - AgroOpps\Documentos\WORKSPACE\venv379\lib\site-packages\tir\technologies\webapp_internal.py", line 8235, in log_error
    self.assertTrue(False, log_message)
  File "C:\Users\BrunoAriasRocha\AppData\Local\Programs\Python\Python37\lib\unittest\case.py", line 705, in assertTrue
    raise self.failureException(msg)
AssertionError: False is not true : 001 - Additional key is empty
2025-08-21 10:02:42,330-DEBUG-root-26328::webapp_internal::wait_blocker|2399:: Waiting blocker to continue...
2025-08-21 10:02:42,348-DEBUG-root-26328::webapp_internal::wait_blocker|2424:: Blocker status: None
2025-08-21 10:02:42,348-INFO-root-26328::webapp_internal::SetKey|5784:: Key pressed: Delete
2025-08-21 10:02:42,348-DEBUG-root-26328::webapp_internal::SetKey|5819:: Trying press key
2025-08-21 10:02:44,390-DEBUG-root-26328::webapp_internal::wait_blocker|2399:: Waiting blocker to continue...
2025-08-21 10:02:44,430-DEBUG-root-26328::webapp_internal::wait_blocker|2424:: Blocker status: None
2025-08-21 10:02:44,431-DEBUG-root-26328::webapp_internal::send_action|10482:: Trying to send action
2025-08-21 10:02:45,462-DEBUG-root-26328::webapp_internal::send_action|10482:: Trying to send action
2025-08-21 10:02:46,494-DEBUG-root-26328::webapp_internal::send_action|10523:: send_action method result = True
2025-08-21 10:02:46,495-DEBUG-root-26328::webapp_internal::send_action|10524:: send_action selenium status: False
2025-08-21 09:59:54,147-DEBUG-root-26328::logging_config::logger|188:: Log file created: 'Log\AGLMSCGPE09EKBH\TIR__20250821095954142.log'
2025-08-21 09:59:54,147-INFO-root-26328::base::Start|1175:: TIR Version: 1.20.30
2025-08-21 09:59:54,148-INFO-root-26328::base::Start|1176:: Starting the browser
2025-08-21 10:00:05,079-INFO-root-26328::base::get_url|1274:: Page is ready!
2025-08-21 10:00:05,085-INFO-root-26328::base::Start|1242:: Browser maximized to 1936x1048
2025-08-21 10:00:05,086-INFO-root-26328::base::Start|1244:: Screen size is different from default used in headless mode
2025-08-21 10:00:05,120-INFO-root-26328::webapp_internal::Setup|240:: ***System Info*** in Setup():
2025-08-21 10:00:05,121-DEBUG-root-26328::psutil_info::system_info|5:: CPU USAGE: 58.3%
2025-08-21 10:00:05,121-DEBUG-root-26328::psutil_info::system_info|6:: MEMORY USAGE: 88.5%
2025-08-21 10:00:05,122-DEBUG-root-26328::psutil_info::system_info|7:: MEMORY AVAILABLE: 11.53%
2025-08-21 10:00:05,129-INFO-root-26328::base::webapp_shadowroot|1374:: Webapp: 10.1.2-RC12
2025-08-21 10:00:05,130-INFO-root-26328::webapp_internal::filling_initial_program|437:: Filling Initial Program: "SIGACOM"
2025-08-21 10:00:05,130-DEBUG-root-26328::webapp_internal::wait_element|7652:: Waiting for element
2025-08-21 10:00:05,172-DEBUG-root-26328::webapp_internal::wait_element|7682:: Element found! Waiting for element to be displayed.
2025-08-21 10:00:05,377-DEBUG-root-26328::base::click|189:: Click Type: ClickType.JS
2025-08-21 10:00:05,384-DEBUG-root-26328::webapp_internal::try_send_keys|8005:: Trying to send keys to element using technique 0
2025-08-21 10:00:05,800-DEBUG-root-26328::webapp_internal::get_web_value|3193:: Current value: SIGACOM
2025-08-21 10:00:05,801-INFO-root-26328::webapp_internal::filling_server_environment|451:: Filling Server Environment: "CG7XJ1_HMG"
2025-08-21 10:00:05,801-DEBUG-root-26328::webapp_internal::wait_element|7652:: Waiting for element
2025-08-21 10:00:05,854-DEBUG-root-26328::webapp_internal::wait_element|7682:: Element found! Waiting for element to be displayed.
2025-08-21 10:00:06,039-DEBUG-root-26328::base::click|189:: Click Type: ClickType.JS
2025-08-21 10:00:06,048-DEBUG-root-26328::webapp_internal::try_send_keys|8005:: Trying to send keys to element using technique 0
2025-08-21 10:00:06,418-DEBUG-root-26328::webapp_internal::get_web_value|3193:: Current value: CG7XJ1_HMG
2025-08-21 10:00:06,455-DEBUG-root-26328::base::click|189:: Click Type: ClickType.JS
2025-08-21 10:00:06,470-DEBUG-root-26328::webapp_internal::user_screen|507:: Filling user screen
2025-08-21 10:00:14,119-DEBUG-root-26328::webapp_internal::wait_element_timeout|7755:: Element found! Waiting for element to be displayed.
2025-08-21 10:00:14,179-DEBUG-root-26328::base::scroll_to_element|750:: ********Warining scroll_to_element exception: Message: TypeError: can't access property "scrollIntoView", arguments[0] is null
*********
2025-08-21 10:00:14,719-INFO-root-26328::webapp_internal::user_screen|549:: Filling User
2025-08-21 10:00:14,756-DEBUG-root-26328::base::double_click|256:: Click Type: ClickType.SELENIUM
2025-08-21 10:00:14,976-DEBUG-root-26328::webapp_internal::get_web_value|3193:: Current value: BRUNO.ROCHA
2025-08-21 10:00:15,029-INFO-root-26328::webapp_internal::user_screen|609:: Filling Password
2025-08-21 10:00:15,056-DEBUG-root-26328::base::click|189:: Click Type: ClickType.JS
2025-08-21 10:00:15,148-DEBUG-root-26328::webapp_internal::get_web_value|3193:: Current value: 123
2025-08-21 10:00:15,148-DEBUG-root-26328::webapp_internal::wait_blocker|2399:: Waiting blocker to continue...
2025-08-21 10:00:15,199-DEBUG-root-26328::webapp_internal::wait_blocker|2424:: Blocker status: None
2025-08-21 10:00:15,291-DEBUG-root-26328::webapp_internal::wait_blocker|2399:: Waiting blocker to continue...
2025-08-21 10:00:15,341-DEBUG-root-26328::webapp_internal::wait_blocker|2424:: Blocker status: None
2025-08-21 10:00:15,341-DEBUG-root-26328::webapp_internal::send_action|10482:: Trying to send action
2025-08-21 10:00:15,353-DEBUG-root-26328::base::click|189:: Click Type: ClickType.JS
2025-08-21 10:00:16,434-DEBUG-root-26328::webapp_internal::send_action|10523:: send_action method result = True
2025-08-21 10:00:16,434-DEBUG-root-26328::webapp_internal::send_action|10524:: send_action selenium status: False
2025-08-21 10:00:18,206-DEBUG-root-26328::base::scroll_to_element|750:: ********Warining scroll_to_element exception: Message: TypeError: can't access property "scrollIntoView", arguments[0] is null
*********
2025-08-21 10:00:18,282-INFO-root-26328::webapp_internal::filling_date|867:: Filling Date: "21/08/2025"
2025-08-21 10:00:18,282-DEBUG-root-26328::webapp_internal::wait_blocker|2399:: Waiting blocker to continue...
2025-08-21 10:00:18,365-DEBUG-root-26328::webapp_internal::wait_blocker|2424:: Blocker status: None
2025-08-21 10:00:18,370-DEBUG-root-26328::base::click|189:: Click Type: ClickType.JS
2025-08-21 10:00:18,405-DEBUG-root-26328::webapp_internal::try_send_keys|8005:: Trying to send keys to element using technique 1
2025-08-21 10:00:18,487-DEBUG-root-26328::webapp_internal::get_web_value|3193:: Current value: 21/08/2025
2025-08-21 10:00:19,599-INFO-root-26328::webapp_internal::filling_group|920:: Filling Group: "01"
2025-08-21 10:00:19,599-DEBUG-root-26328::webapp_internal::wait_blocker|2399:: Waiting blocker to continue...
2025-08-21 10:00:19,682-DEBUG-root-26328::webapp_internal::wait_blocker|2424:: Blocker status: None
2025-08-21 10:00:19,686-DEBUG-root-26328::base::click|189:: Click Type: ClickType.JS
2025-08-21 10:00:19,849-DEBUG-root-26328::webapp_internal::get_web_value|3193:: Current value: 01
2025-08-21 10:00:20,943-INFO-root-26328::webapp_internal::filling_branch|1011:: Filling Branch: "01011001"
2025-08-21 10:00:20,943-DEBUG-root-26328::webapp_internal::wait_blocker|2399:: Waiting blocker to continue...
2025-08-21 10:00:21,022-DEBUG-root-26328::webapp_internal::wait_blocker|2424:: Blocker status: None
2025-08-21 10:00:21,024-DEBUG-root-26328::base::click|189:: Click Type: ClickType.JS
2025-08-21 10:00:21,111-DEBUG-root-26328::webapp_internal::get_web_value|3193:: Current value: 01011001
2025-08-21 10:00:22,415-INFO-root-26328::webapp_internal::environment_screen|784:: Clicking on Button
2025-08-21 10:00:22,415-DEBUG-root-26328::webapp_internal::wait_blocker|2399:: Waiting blocker to continue...
2025-08-21 10:00:22,488-DEBUG-root-26328::webapp_internal::wait_blocker|2424:: Blocker status: None
2025-08-21 10:00:22,490-DEBUG-root-26328::base::click|189:: Click Type: ClickType.JS
2025-08-21 10:00:23,505-DEBUG-root-26328::base::click|189:: Click Type: ClickType.JS
2025-08-21 10:00:24,515-DEBUG-root-26328::base::click|189:: Click Type: ClickType.JS
2025-08-21 10:00:25,531-DEBUG-root-26328::base::click|189:: Click Type: ClickType.JS
2025-08-21 10:00:26,556-DEBUG-root-26328::base::click|189:: Click Type: ClickType.JS
2025-08-21 10:00:27,581-DEBUG-root-26328::base::click|189:: Click Type: ClickType.JS
2025-08-21 10:00:28,594-DEBUG-root-26328::webapp_internal::close_screen_before_menu|370:: Closing screen before the menu
2025-08-21 10:00:28,663-DEBUG-root-26328::webapp_internal::close_warning_screen|1449:: Closing warning screen!
2025-08-21 10:00:29,721-DEBUG-root-26328::webapp_internal::check_screen_element|1255:: Checking screen element: "Atenção": True
2025-08-21 10:00:29,890-DEBUG-root-26328::webapp_internal::wait_element_timeout|7755:: Element found! Waiting for element to be displayed.
2025-08-21 10:00:29,982-DEBUG-root-26328::webapp_internal::wait_blocker|2399:: Waiting blocker to continue...
2025-08-21 10:00:30,082-DEBUG-root-26328::webapp_internal::wait_blocker|2424:: Blocker status: False
2025-08-21 10:00:30,082-DEBUG-root-26328::webapp_internal::send_action|10482:: Trying to send action
2025-08-21 10:00:30,102-DEBUG-root-26328::base::click|189:: Click Type: ClickType.JS
2025-08-21 10:00:31,146-DEBUG-root-26328::webapp_internal::send_action|10523:: send_action method result = True
2025-08-21 10:00:31,146-DEBUG-root-26328::webapp_internal::send_action|10524:: send_action selenium status: False
2025-08-21 10:00:31,146-DEBUG-root-26328::webapp_internal::close_coin_screen|1385:: Closing coin screen!
2025-08-21 10:00:31,265-DEBUG-root-26328::webapp_internal::close_warning_screen|1449:: Closing warning screen!
2025-08-21 10:00:32,328-DEBUG-root-26328::webapp_internal::check_screen_element|1255:: Checking screen element: "Atenção": False
2025-08-21 10:00:32,328-DEBUG-root-26328::webapp_internal::close_coin_screen|1385:: Closing coin screen!
2025-08-21 10:00:32,917-DEBUG-root-26328::base::click|189:: Click Type: ClickType.JS
2025-08-21 10:00:32,997-DEBUG-root-26328::webapp_internal::close_warning_screen|1449:: Closing warning screen!
2025-08-21 10:00:34,038-DEBUG-root-26328::webapp_internal::check_screen_element|1255:: Checking screen element: "Atenção": False
2025-08-21 10:00:34,038-DEBUG-root-26328::webapp_internal::close_coin_screen|1385:: Closing coin screen!
2025-08-21 10:00:34,215-DEBUG-root-26328::webapp_internal::close_warning_screen|1449:: Closing warning screen!
2025-08-21 10:00:35,289-DEBUG-root-26328::webapp_internal::check_screen_element|1255:: Checking screen element: "Atenção": False
2025-08-21 10:00:35,289-DEBUG-root-26328::webapp_internal::close_coin_screen|1385:: Closing coin screen!
2025-08-21 10:00:35,496-INFO-root-26328::webapp_internal::set_log_info|1582:: Getting log info
2025-08-21 10:00:35,496-INFO-root-26328::webapp_internal::SetLateralMenu|4144:: Navigating lateral menu: Ajuda > Sobre
2025-08-21 10:00:35,535-DEBUG-root-26328::webapp_internal::wait_element|7652:: Waiting for element
2025-08-21 10:00:35,612-DEBUG-root-26328::webapp_internal::wait_element|7682:: Element found! Waiting for element to be displayed.
2025-08-21 10:00:35,847-INFO-root-26328::webapp_internal::SetLateralMenu|4163:: Menu item: "Ajuda"
2025-08-21 10:00:35,847-DEBUG-root-26328::webapp_internal::wait_blocker|2399:: Waiting blocker to continue...
2025-08-21 10:00:35,946-DEBUG-root-26328::webapp_internal::wait_blocker|2424:: Blocker status: False
2025-08-21 10:00:36,536-DEBUG-root-26328::webapp_internal::wait_element_timeout|7755:: Element found! Waiting for element to be displayed.
2025-08-21 10:00:37,116-DEBUG-root-26328::webapp_internal::wait_blocker|2399:: Waiting blocker to continue...
2025-08-21 10:00:37,220-DEBUG-root-26328::webapp_internal::wait_blocker|2424:: Blocker status: False
2025-08-21 10:00:39,519-INFO-root-26328::webapp_internal::SetLateralMenu|4163:: Menu item: "Sobre"
2025-08-21 10:00:39,519-DEBUG-root-26328::webapp_internal::wait_blocker|2399:: Waiting blocker to continue...
2025-08-21 10:00:39,629-DEBUG-root-26328::webapp_internal::wait_blocker|2424:: Blocker status: False
2025-08-21 10:00:40,306-DEBUG-root-26328::webapp_internal::wait_element_timeout|7755:: Element found! Waiting for element to be displayed.
2025-08-21 10:00:40,967-DEBUG-root-26328::webapp_internal::wait_blocker|2399:: Waiting blocker to continue...
2025-08-21 10:00:41,073-DEBUG-root-26328::webapp_internal::wait_blocker|2424:: Blocker status: False
2025-08-21 10:00:44,026-DEBUG-root-26328::webapp_internal::wait_blocker|2399:: Waiting blocker to continue...
2025-08-21 10:00:44,137-DEBUG-root-26328::webapp_internal::wait_blocker|2424:: Blocker status: False
2025-08-21 10:00:44,232-DEBUG-root-26328::webapp_internal::wait_element|7652:: Waiting for element
2025-08-21 10:00:44,304-DEBUG-root-26328::webapp_internal::wait_element|7682:: Element found! Waiting for element to be displayed.
2025-08-21 10:00:44,539-INFO-root-26328::webapp_internal::SetButton|4404:: Clicking on Fechar
2025-08-21 10:00:44,539-DEBUG-root-26328::webapp_internal::wait_blocker|2399:: Waiting blocker to continue...
2025-08-21 10:00:44,654-DEBUG-root-26328::webapp_internal::wait_blocker|2424:: Blocker status: False
2025-08-21 10:00:44,884-DEBUG-root-26328::webapp_internal::wait_element_timeout|7755:: Element found! Waiting for element to be displayed.
2025-08-21 10:00:45,000-DEBUG-root-26328::webapp_internal::SetButton|4441:: ***System Info*** Before Clicking on button:Fechar
2025-08-21 10:00:45,000-DEBUG-root-26328::psutil_info::system_info|5:: CPU USAGE: 43.1%
2025-08-21 10:00:45,002-DEBUG-root-26328::psutil_info::system_info|6:: MEMORY USAGE: 88.2%
2025-08-21 10:00:45,002-DEBUG-root-26328::psutil_info::system_info|7:: MEMORY AVAILABLE: 11.83%
2025-08-21 10:00:45,249-DEBUG-root-26328::webapp_internal::wait_element_timeout|7755:: Element found! Waiting for element to be displayed.
2025-08-21 10:00:45,441-DEBUG-root-26328::webapp_internal::wait_blocker|2399:: Waiting blocker to continue...
2025-08-21 10:00:45,578-DEBUG-root-26328::webapp_internal::wait_blocker|2424:: Blocker status: False
2025-08-21 10:00:45,578-DEBUG-root-26328::webapp_internal::send_action|10482:: Trying to send action
2025-08-21 10:00:45,584-DEBUG-root-26328::base::click|189:: Click Type: ClickType.JS
2025-08-21 10:00:46,627-DEBUG-root-26328::webapp_internal::send_action|10523:: send_action method result = True
2025-08-21 10:00:46,627-DEBUG-root-26328::webapp_internal::send_action|10524:: send_action selenium status: False
2025-08-21 10:00:46,627-DEBUG-root-26328::webapp_internal::SetButton|4643:: ***System Info*** After Clicking on button:
2025-08-21 10:00:46,627-DEBUG-root-26328::psutil_info::system_info|5:: CPU USAGE: 41.3%
2025-08-21 10:00:46,627-DEBUG-root-26328::psutil_info::system_info|6:: MEMORY USAGE: 88.3%
2025-08-21 10:00:46,627-DEBUG-root-26328::psutil_info::system_info|7:: MEMORY AVAILABLE: 11.71%
2025-08-21 10:00:46,627-DEBUG-root-26328::webapp_internal::wait_element|7652:: Waiting for element
2025-08-21 10:00:46,748-INFO-root-26328::webapp_internal::set_program|1750:: Setting program: MATA010
2025-08-21 10:00:46,780-DEBUG-root-26328::webapp_internal::wait_element|7652:: Waiting for element
2025-08-21 10:00:46,821-DEBUG-root-26328::webapp_internal::wait_element|7682:: Element found! Waiting for element to be displayed.
2025-08-21 10:00:47,053-DEBUG-root-26328::base::double_click|256:: Click Type: ClickType.SELENIUM
2025-08-21 10:00:47,595-DEBUG-root-26328::webapp_internal::get_web_value|3193:: Current value: MATA010
2025-08-21 10:00:47,667-DEBUG-root-26328::webapp_internal::wait_blocker|2399:: Waiting blocker to continue...
2025-08-21 10:00:47,776-DEBUG-root-26328::webapp_internal::wait_blocker|2424:: Blocker status: False
2025-08-21 10:00:47,776-DEBUG-root-26328::webapp_internal::send_action|10482:: Trying to send action
2025-08-21 10:00:47,787-DEBUG-root-26328::base::click|189:: Click Type: ClickType.JS
2025-08-21 10:00:48,836-DEBUG-root-26328::webapp_internal::send_action|10523:: send_action method result = True
2025-08-21 10:00:48,836-DEBUG-root-26328::webapp_internal::send_action|10524:: send_action selenium status: False
2025-08-21 10:00:48,836-DEBUG-root-26328::webapp_internal::wait_element_is_not_displayed|7586:: Waiting for element to disappear
2025-08-21 10:00:48,853-DEBUG-root-26328::webapp_internal::close_news_screen|1509:: Closing news screen!
2025-08-21 10:00:48,872-INFO-root-26328::webapp_internal::SetButton|4404:: Clicking on Incluir
2025-08-21 10:00:48,872-DEBUG-root-26328::webapp_internal::wait_blocker|2399:: Waiting blocker to continue...
2025-08-21 10:00:48,894-DEBUG-root-26328::webapp_internal::wait_blocker|2424:: Blocker status: None
2025-08-21 10:00:52,812-DEBUG-root-26328::webapp_internal::wait_element_timeout|7755:: Element found! Waiting for element to be displayed.
2025-08-21 10:00:53,494-DEBUG-root-26328::webapp_internal::SetButton|4441:: ***System Info*** Before Clicking on button:Incluir
2025-08-21 10:00:53,494-DEBUG-root-26328::psutil_info::system_info|5:: CPU USAGE: 41.5%
2025-08-21 10:00:53,495-DEBUG-root-26328::psutil_info::system_info|6:: MEMORY USAGE: 88.3%
2025-08-21 10:00:53,495-DEBUG-root-26328::psutil_info::system_info|7:: MEMORY AVAILABLE: 11.74%
2025-08-21 10:00:54,244-DEBUG-root-26328::webapp_internal::wait_element_timeout|7755:: Element found! Waiting for element to be displayed.
2025-08-21 10:00:55,013-DEBUG-root-26328::webapp_internal::wait_blocker|2399:: Waiting blocker to continue...
2025-08-21 10:00:55,180-DEBUG-root-26328::webapp_internal::wait_blocker|2424:: Blocker status: False
2025-08-21 10:00:55,181-DEBUG-root-26328::webapp_internal::send_action|10482:: Trying to send action
2025-08-21 10:00:55,187-DEBUG-root-26328::base::click|189:: Click Type: ClickType.JS
2025-08-21 10:00:56,262-DEBUG-root-26328::webapp_internal::send_action|10523:: send_action method result = True
2025-08-21 10:00:56,262-DEBUG-root-26328::webapp_internal::send_action|10524:: send_action selenium status: False
2025-08-21 10:00:56,262-DEBUG-root-26328::webapp_internal::SetButton|4643:: ***System Info*** After Clicking on button:
2025-08-21 10:00:56,262-DEBUG-root-26328::psutil_info::system_info|5:: CPU USAGE: 43.4%
2025-08-21 10:00:56,262-DEBUG-root-26328::psutil_info::system_info|6:: MEMORY USAGE: 88.2%
2025-08-21 10:00:56,262-DEBUG-root-26328::psutil_info::system_info|7:: MEMORY AVAILABLE: 11.84%
2025-08-21 10:00:56,262-INFO-root-26328::webapp_internal::WaitShow|4940:: Waiting show text 'Atualizacao de Produtos - Incluir'...
2025-08-21 10:01:11,250-INFO-root-26328::webapp_internal::WaitShow|4956:: Text found! 
2025-08-21 10:01:11,250-DEBUG-root-26328::webapp_internal::SetFocus|5973:: Setting focus on element B1_DESC.
2025-08-21 10:01:12,306-DEBUG-root-26328::base::click|189:: Click Type: ClickType.SELENIUM
2025-08-21 10:01:12,400-DEBUG-root-26328::webapp_internal::wait_blocker|2399:: Waiting blocker to continue...
2025-08-21 10:01:12,673-DEBUG-root-26328::webapp_internal::wait_blocker|2424:: Blocker status: None
2025-08-21 10:01:12,673-INFO-root-26328::webapp_internal::SetKey|5784:: Key pressed: CTRL
2025-08-21 10:01:12,673-WARNING-root-26328::webapp_internal::log_error|8172:: Warning log_error Additional key is empty
2025-08-21 10:01:12,673-DEBUG-root-26328::webapp_internal::log_error|8175:: ***System Info*** in log_error():
2025-08-21 10:01:12,689-DEBUG-root-26328::psutil_info::system_info|5:: CPU USAGE: 34.0%
2025-08-21 10:01:12,689-DEBUG-root-26328::psutil_info::system_info|6:: MEMORY USAGE: 89.6%
2025-08-21 10:01:12,689-DEBUG-root-26328::psutil_info::system_info|7:: MEMORY AVAILABLE: 10.44%
2025-08-21 10:01:12,704-DEBUG-root-26328::log::take_screenshot_log|498:: take_screenshot_log in:2025-08-21 10:01:12.704183

2025-08-21 10:01:12,858-DEBUG-root-26328::log::take_screenshot_log|513:: Screenshot file created successfully: Log\AGLMSCGPE09EKBH\BrunoAriasRocha_20250821100112704_001 -_test_TESTE2MATA010_001.png
2025-08-21 10:01:13,865-DEBUG-root-26328::log::checks_empty_line|221:: Checking empty default log info
2025-08-21 10:01:13,865-DEBUG-root-26328::log::save_file|140:: CSV Line: ['21/08/2025 10:01:13', 'BrunoAriasRocha', 'AGLMSCGPE09EKBH', 'TESTE2MATA010', '19800101', 1, 0, 1, 78.61, '12', '12.1.2410', '001 - Additional key is empty', 'MSSQL', '', '20250821', 'BRA', 'TIR']
2025-08-21 10:01:13,865-DEBUG-root-26328::log::save_file|143:: Log file created successfully: Log\AGLMSCGPE09EKBH\BrunoAriasRocha_8aeeec2b833d4ed88dde995cfea05dde_auto.csv
2025-08-21 10:01:13,882-INFO-root-26328::webapp_internal::restart_browser|10955:: Closing the Browser
2025-08-21 10:01:15,448-INFO-root-26328::webapp_internal::restart_browser|10958:: Starting the Browser
2025-08-21 10:01:15,449-INFO-root-26328::base::Start|1175:: TIR Version: 1.20.30
2025-08-21 10:01:15,449-INFO-root-26328::base::Start|1176:: Starting the browser
2025-08-21 10:01:29,329-INFO-root-26328::base::get_url|1274:: Page is ready!
2025-08-21 10:01:29,336-INFO-root-26328::base::Start|1242:: Browser maximized to 1936x1048
2025-08-21 10:01:29,336-INFO-root-26328::base::Start|1244:: Screen size is different from default used in headless mode
2025-08-21 10:01:29,365-DEBUG-root-26328::webapp_internal::restart_browser|10963:: Get url with line parameters: https://lineagroprodutos143570.protheus.cloudtotvs.com.br:2203/webapp//?StartProg=SIGACOM&Env=CG7XJ1_HMG
2025-08-21 10:01:43,713-INFO-root-26328::base::get_url|1274:: Page is ready!
2025-08-21 10:01:53,717-DEBUG-root-26328::webapp_internal::restart_browser|10970:: Get url https://lineagroprodutos143570.protheus.cloudtotvs.com.br:2203/webapp/
2025-08-21 10:01:56,433-INFO-root-26328::base::get_url|1274:: Page is ready!
2025-08-21 10:01:56,438-INFO-root-26328::webapp_internal::filling_initial_program|437:: Filling Initial Program: "SIGACOM"
2025-08-21 10:01:56,439-DEBUG-root-26328::webapp_internal::wait_element|7652:: Waiting for element
2025-08-21 10:01:56,491-DEBUG-root-26328::webapp_internal::wait_element|7682:: Element found! Waiting for element to be displayed.
2025-08-21 10:01:56,679-DEBUG-root-26328::base::click|189:: Click Type: ClickType.JS
2025-08-21 10:01:56,688-DEBUG-root-26328::webapp_internal::try_send_keys|8005:: Trying to send keys to element using technique 0
2025-08-21 10:01:57,089-DEBUG-root-26328::webapp_internal::get_web_value|3193:: Current value: SIGACOM
2025-08-21 10:01:57,090-INFO-root-26328::webapp_internal::filling_server_environment|451:: Filling Server Environment: "CG7XJ1_HMG"
2025-08-21 10:01:57,090-DEBUG-root-26328::webapp_internal::wait_element|7652:: Waiting for element
2025-08-21 10:01:57,130-DEBUG-root-26328::webapp_internal::wait_element|7682:: Element found! Waiting for element to be displayed.
2025-08-21 10:01:57,330-DEBUG-root-26328::base::click|189:: Click Type: ClickType.JS
2025-08-21 10:01:57,341-DEBUG-root-26328::webapp_internal::try_send_keys|8005:: Trying to send keys to element using technique 0
2025-08-21 10:01:57,730-DEBUG-root-26328::webapp_internal::get_web_value|3193:: Current value: CG7XJ1_HMG
2025-08-21 10:01:57,768-DEBUG-root-26328::base::click|189:: Click Type: ClickType.JS
2025-08-21 10:02:05,946-DEBUG-root-26328::webapp_internal::user_screen|507:: Filling user screen
2025-08-21 10:02:06,159-DEBUG-root-26328::webapp_internal::wait_element_timeout|7755:: Element found! Waiting for element to be displayed.
2025-08-21 10:02:06,216-DEBUG-root-26328::base::scroll_to_element|750:: ********Warining scroll_to_element exception: Message: TypeError: can't access property "scrollIntoView", arguments[0] is null
*********
2025-08-21 10:02:06,481-INFO-root-26328::webapp_internal::user_screen|549:: Filling User
2025-08-21 10:02:06,534-DEBUG-root-26328::base::double_click|256:: Click Type: ClickType.SELENIUM
2025-08-21 10:02:06,812-DEBUG-root-26328::webapp_internal::get_web_value|3193:: Current value: BRUNO.ROCHA
2025-08-21 10:02:06,868-INFO-root-26328::webapp_internal::user_screen|609:: Filling Password
2025-08-21 10:02:06,905-DEBUG-root-26328::base::click|189:: Click Type: ClickType.JS
2025-08-21 10:02:06,988-DEBUG-root-26328::webapp_internal::get_web_value|3193:: Current value: 123
2025-08-21 10:02:06,988-DEBUG-root-26328::webapp_internal::wait_blocker|2399:: Waiting blocker to continue...
2025-08-21 10:02:07,035-DEBUG-root-26328::webapp_internal::wait_blocker|2424:: Blocker status: None
2025-08-21 10:02:07,137-DEBUG-root-26328::webapp_internal::wait_blocker|2399:: Waiting blocker to continue...
2025-08-21 10:02:07,194-DEBUG-root-26328::webapp_internal::wait_blocker|2424:: Blocker status: None
2025-08-21 10:02:07,194-DEBUG-root-26328::webapp_internal::send_action|10482:: Trying to send action
2025-08-21 10:02:07,207-DEBUG-root-26328::base::click|189:: Click Type: ClickType.JS
2025-08-21 10:02:08,307-DEBUG-root-26328::webapp_internal::send_action|10523:: send_action method result = True
2025-08-21 10:02:08,307-DEBUG-root-26328::webapp_internal::send_action|10524:: send_action selenium status: False
2025-08-21 10:02:09,923-DEBUG-root-26328::base::scroll_to_element|750:: ********Warining scroll_to_element exception: Message: TypeError: can't access property "scrollIntoView", arguments[0] is null
*********
2025-08-21 10:02:10,011-INFO-root-26328::webapp_internal::filling_date|867:: Filling Date: "21/08/2025"
2025-08-21 10:02:10,012-DEBUG-root-26328::webapp_internal::wait_blocker|2399:: Waiting blocker to continue...
2025-08-21 10:02:10,092-DEBUG-root-26328::webapp_internal::wait_blocker|2424:: Blocker status: None
2025-08-21 10:02:10,094-DEBUG-root-26328::base::click|189:: Click Type: ClickType.JS
2025-08-21 10:02:10,135-DEBUG-root-26328::webapp_internal::try_send_keys|8005:: Trying to send keys to element using technique 1
2025-08-21 10:02:10,210-DEBUG-root-26328::webapp_internal::get_web_value|3193:: Current value: 21/08/2025
2025-08-21 10:02:11,359-INFO-root-26328::webapp_internal::filling_group|920:: Filling Group: "01"
2025-08-21 10:02:11,359-DEBUG-root-26328::webapp_internal::wait_blocker|2399:: Waiting blocker to continue...
2025-08-21 10:02:11,425-DEBUG-root-26328::webapp_internal::wait_blocker|2424:: Blocker status: None
2025-08-21 10:02:11,428-DEBUG-root-26328::base::click|189:: Click Type: ClickType.JS
2025-08-21 10:02:11,877-DEBUG-root-26328::webapp_internal::get_web_value|3193:: Current value: 01
2025-08-21 10:02:13,024-INFO-root-26328::webapp_internal::filling_branch|1011:: Filling Branch: "01011001"
2025-08-21 10:02:13,025-DEBUG-root-26328::webapp_internal::wait_blocker|2399:: Waiting blocker to continue...
2025-08-21 10:02:13,111-DEBUG-root-26328::webapp_internal::wait_blocker|2424:: Blocker status: None
2025-08-21 10:02:13,117-DEBUG-root-26328::base::click|189:: Click Type: ClickType.JS
2025-08-21 10:02:13,250-DEBUG-root-26328::webapp_internal::get_web_value|3193:: Current value: 01011001
2025-08-21 10:02:14,609-INFO-root-26328::webapp_internal::environment_screen|784:: Clicking on Button
2025-08-21 10:02:14,609-DEBUG-root-26328::webapp_internal::wait_blocker|2399:: Waiting blocker to continue...
2025-08-21 10:02:14,670-DEBUG-root-26328::webapp_internal::wait_blocker|2424:: Blocker status: None
2025-08-21 10:02:14,674-DEBUG-root-26328::base::click|189:: Click Type: ClickType.JS
2025-08-21 10:02:15,693-DEBUG-root-26328::base::click|189:: Click Type: ClickType.JS
2025-08-21 10:02:16,718-DEBUG-root-26328::base::click|189:: Click Type: ClickType.JS
2025-08-21 10:02:17,734-DEBUG-root-26328::base::click|189:: Click Type: ClickType.JS
2025-08-21 10:02:18,751-DEBUG-root-26328::base::click|189:: Click Type: ClickType.JS
2025-08-21 10:02:19,773-DEBUG-root-26328::base::click|189:: Click Type: ClickType.JS
2025-08-21 10:02:20,875-DEBUG-root-26328::webapp_internal::close_warning_screen|1449:: Closing warning screen!
2025-08-21 10:02:21,960-DEBUG-root-26328::webapp_internal::check_screen_element|1255:: Checking screen element: "Atenção": True
2025-08-21 10:02:22,154-DEBUG-root-26328::webapp_internal::wait_element_timeout|7755:: Element found! Waiting for element to be displayed.
2025-08-21 10:02:22,244-DEBUG-root-26328::webapp_internal::wait_blocker|2399:: Waiting blocker to continue...
2025-08-21 10:02:22,363-DEBUG-root-26328::webapp_internal::wait_blocker|2424:: Blocker status: False
2025-08-21 10:02:22,363-DEBUG-root-26328::webapp_internal::send_action|10482:: Trying to send action
2025-08-21 10:02:22,371-DEBUG-root-26328::base::click|189:: Click Type: ClickType.JS
2025-08-21 10:02:23,412-DEBUG-root-26328::webapp_internal::send_action|10523:: send_action method result = True
2025-08-21 10:02:23,413-DEBUG-root-26328::webapp_internal::send_action|10524:: send_action selenium status: False
2025-08-21 10:02:24,026-DEBUG-root-26328::base::click|189:: Click Type: ClickType.JS
2025-08-21 10:02:24,099-DEBUG-root-26328::webapp_internal::close_warning_screen|1449:: Closing warning screen!
2025-08-21 10:02:25,154-DEBUG-root-26328::webapp_internal::check_screen_element|1255:: Checking screen element: "Atenção": False
2025-08-21 10:02:25,267-DEBUG-root-26328::webapp_internal::close_warning_screen|1449:: Closing warning screen!
2025-08-21 10:02:26,377-DEBUG-root-26328::webapp_internal::check_screen_element|1255:: Checking screen element: "Atenção": False
2025-08-21 10:02:26,570-INFO-root-26328::webapp_internal::set_log_info|1582:: Getting log info
2025-08-21 10:02:26,570-INFO-root-26328::webapp_internal::SetLateralMenu|4144:: Navigating lateral menu: Ajuda > Sobre
2025-08-21 10:02:26,589-DEBUG-root-26328::webapp_internal::wait_element|7652:: Waiting for element
2025-08-21 10:02:26,654-DEBUG-root-26328::webapp_internal::wait_element|7682:: Element found! Waiting for element to be displayed.
2025-08-21 10:02:26,950-INFO-root-26328::webapp_internal::SetLateralMenu|4163:: Menu item: "Ajuda"
2025-08-21 10:02:26,950-DEBUG-root-26328::webapp_internal::wait_blocker|2399:: Waiting blocker to continue...
2025-08-21 10:02:27,055-DEBUG-root-26328::webapp_internal::wait_blocker|2424:: Blocker status: False
2025-08-21 10:02:27,907-DEBUG-root-26328::webapp_internal::wait_element_timeout|7755:: Element found! Waiting for element to be displayed.
2025-08-21 10:02:28,831-DEBUG-root-26328::webapp_internal::wait_blocker|2399:: Waiting blocker to continue...
2025-08-21 10:02:28,966-DEBUG-root-26328::webapp_internal::wait_blocker|2424:: Blocker status: False
2025-08-21 10:02:31,295-INFO-root-26328::webapp_internal::SetLateralMenu|4163:: Menu item: "Sobre"
2025-08-21 10:02:31,296-DEBUG-root-26328::webapp_internal::wait_blocker|2399:: Waiting blocker to continue...
2025-08-21 10:02:31,433-DEBUG-root-26328::webapp_internal::wait_blocker|2424:: Blocker status: False
2025-08-21 10:02:32,492-DEBUG-root-26328::webapp_internal::wait_element_timeout|7755:: Element found! Waiting for element to be displayed.
2025-08-21 10:02:33,586-DEBUG-root-26328::webapp_internal::wait_blocker|2399:: Waiting blocker to continue...
2025-08-21 10:02:33,717-DEBUG-root-26328::webapp_internal::wait_blocker|2424:: Blocker status: False
2025-08-21 10:02:36,983-DEBUG-root-26328::webapp_internal::wait_blocker|2399:: Waiting blocker to continue...
2025-08-21 10:02:37,127-DEBUG-root-26328::webapp_internal::wait_blocker|2424:: Blocker status: False
2025-08-21 10:02:37,255-DEBUG-root-26328::webapp_internal::wait_element|7652:: Waiting for element
2025-08-21 10:02:37,327-DEBUG-root-26328::webapp_internal::wait_element|7682:: Element found! Waiting for element to be displayed.
2025-08-21 10:02:37,611-INFO-root-26328::webapp_internal::SetButton|4404:: Clicking on Fechar
2025-08-21 10:02:37,611-DEBUG-root-26328::webapp_internal::wait_blocker|2399:: Waiting blocker to continue...
2025-08-21 10:02:37,726-DEBUG-root-26328::webapp_internal::wait_blocker|2424:: Blocker status: False
2025-08-21 10:02:38,013-DEBUG-root-26328::webapp_internal::wait_element_timeout|7755:: Element found! Waiting for element to be displayed.
2025-08-21 10:02:38,183-DEBUG-root-26328::webapp_internal::SetButton|4441:: ***System Info*** Before Clicking on button:Fechar
2025-08-21 10:02:38,184-DEBUG-root-26328::psutil_info::system_info|5:: CPU USAGE: 44.8%
2025-08-21 10:02:38,185-DEBUG-root-26328::psutil_info::system_info|6:: MEMORY USAGE: 86.4%
2025-08-21 10:02:38,185-DEBUG-root-26328::psutil_info::system_info|7:: MEMORY AVAILABLE: 13.59%
2025-08-21 10:02:38,409-DEBUG-root-26328::webapp_internal::wait_element_timeout|7755:: Element found! Waiting for element to be displayed.
2025-08-21 10:02:38,689-DEBUG-root-26328::webapp_internal::wait_blocker|2399:: Waiting blocker to continue...
2025-08-21 10:02:38,829-DEBUG-root-26328::webapp_internal::wait_blocker|2424:: Blocker status: False
2025-08-21 10:02:38,829-DEBUG-root-26328::webapp_internal::send_action|10482:: Trying to send action
2025-08-21 10:02:38,834-DEBUG-root-26328::base::click|189:: Click Type: ClickType.JS
2025-08-21 10:02:39,881-DEBUG-root-26328::webapp_internal::send_action|10523:: send_action method result = True
2025-08-21 10:02:39,882-DEBUG-root-26328::webapp_internal::send_action|10524:: send_action selenium status: False
2025-08-21 10:02:39,882-DEBUG-root-26328::webapp_internal::SetButton|4643:: ***System Info*** After Clicking on button:
2025-08-21 10:02:39,883-DEBUG-root-26328::psutil_info::system_info|5:: CPU USAGE: 63.7%
2025-08-21 10:02:39,883-DEBUG-root-26328::psutil_info::system_info|6:: MEMORY USAGE: 85.7%
2025-08-21 10:02:39,884-DEBUG-root-26328::psutil_info::system_info|7:: MEMORY AVAILABLE: 14.26%
2025-08-21 10:02:39,884-DEBUG-root-26328::webapp_internal::wait_element|7652:: Waiting for element
2025-08-21 10:02:40,026-INFO-root-26328::webapp_internal::set_program|1750:: Setting program: MATA010
2025-08-21 10:02:40,050-DEBUG-root-26328::webapp_internal::wait_element|7652:: Waiting for element
2025-08-21 10:02:40,110-DEBUG-root-26328::webapp_internal::wait_element|7682:: Element found! Waiting for element to be displayed.
2025-08-21 10:02:40,341-DEBUG-root-26328::base::double_click|256:: Click Type: ClickType.SELENIUM
2025-08-21 10:02:40,922-DEBUG-root-26328::webapp_internal::get_web_value|3193:: Current value: MATA010
2025-08-21 10:02:41,007-DEBUG-root-26328::webapp_internal::wait_blocker|2399:: Waiting blocker to continue...
2025-08-21 10:02:41,139-DEBUG-root-26328::webapp_internal::wait_blocker|2424:: Blocker status: False
2025-08-21 10:02:41,139-DEBUG-root-26328::webapp_internal::send_action|10482:: Trying to send action
2025-08-21 10:02:41,207-DEBUG-root-26328::base::click|189:: Click Type: ClickType.JS
2025-08-21 10:02:42,292-DEBUG-root-26328::webapp_internal::send_action|10523:: send_action method result = True
2025-08-21 10:02:42,292-DEBUG-root-26328::webapp_internal::send_action|10524:: send_action selenium status: False
2025-08-21 10:02:42,293-DEBUG-root-26328::webapp_internal::wait_element_is_not_displayed|7586:: Waiting for element to disappear
2025-08-21 10:02:42,309-DEBUG-root-26328::webapp_internal::close_news_screen|1509:: Closing news screen!
2025-08-21 10:02:42,328-ERROR-root-26328::webapp_internal::SetKey|5863:: False is not true : 001 - Additional key is empty
Traceback (most recent call last):
  File "c:\Users\BrunoAriasRocha\OneDrive - AgroOpps\Documentos\WORKSPACE\venv379\lib\site-packages\tir\technologies\webapp_internal.py", line 5811, in SetKey
    self.log_error("Additional key is empty")
  File "c:\Users\BrunoAriasRocha\OneDrive - AgroOpps\Documentos\WORKSPACE\venv379\lib\site-packages\tir\technologies\webapp_internal.py", line 8235, in log_error
    self.assertTrue(False, log_message)
  File "C:\Users\BrunoAriasRocha\AppData\Local\Programs\Python\Python37\lib\unittest\case.py", line 705, in assertTrue
    raise self.failureException(msg)
AssertionError: False is not true : 001 - Additional key is empty
2025-08-21 10:02:42,330-DEBUG-root-26328::webapp_internal::wait_blocker|2399:: Waiting blocker to continue...
2025-08-21 10:02:42,348-DEBUG-root-26328::webapp_internal::wait_blocker|2424:: Blocker status: None
2025-08-21 10:02:42,348-INFO-root-26328::webapp_internal::SetKey|5784:: Key pressed: Delete
2025-08-21 10:02:42,348-DEBUG-root-26328::webapp_internal::SetKey|5819:: Trying press key
2025-08-21 10:02:44,390-DEBUG-root-26328::webapp_internal::wait_blocker|2399:: Waiting blocker to continue...
2025-08-21 10:02:44,430-DEBUG-root-26328::webapp_internal::wait_blocker|2424:: Blocker status: None
2025-08-21 10:02:44,431-DEBUG-root-26328::webapp_internal::send_action|10482:: Trying to send action
2025-08-21 10:02:45,462-DEBUG-root-26328::webapp_internal::send_action|10482:: Trying to send action
2025-08-21 10:02:46,494-DEBUG-root-26328::webapp_internal::send_action|10523:: send_action method result = True
2025-08-21 10:02:46,495-DEBUG-root-26328::webapp_internal::send_action|10524:: send_action selenium status: False
